\BOOKMARK [1][-]{section.1}{\376\377\000P\000r\000o\000j\000e\000c\000t\000\040\000S\000u\000m\000m\000a\000r\000y}{}% 1
\BOOKMARK [1][-]{section.2}{\376\377\000C\000o\000d\000e\000b\000a\000s\000e\000\040\000O\000v\000e\000r\000v\000i\000e\000w}{}% 2
\BOOKMARK [2][-]{subsection.2.1}{\376\377\000F\000i\000l\000e\000\040\000T\000r\000e\000e}{section.2}% 3
\BOOKMARK [2][-]{subsection.2.2}{\376\377\000M\000o\000d\000u\000l\000e\000\040\000D\000e\000s\000c\000r\000i\000p\000t\000i\000o\000n\000s}{section.2}% 4
\BOOKMARK [1][-]{section.3}{\376\377\000D\000a\000t\000a\000s\000e\000t\000\040\000O\000v\000e\000r\000v\000i\000e\000w}{}% 5
\BOOKMARK [2][-]{subsection.3.1}{\376\377\000S\000o\000u\000r\000c\000e\000\040\0001\000\040\040\024\000\040\000M\000u\000s\000i\000c\000B\000r\000a\000i\000n\000z\000\040\000\050\000R\000e\000c\000o\000r\000d\000i\000n\000g\000\040\000M\000e\000t\000a\000d\000a\000t\000a\000\051}{section.3}% 6
\BOOKMARK [2][-]{subsection.3.2}{\376\377\000S\000o\000u\000r\000c\000e\000\040\0002\000\040\040\024\000\040\000L\000i\000s\000t\000e\000n\000B\000r\000a\000i\000n\000z\000\040\000\050\000P\000o\000p\000u\000l\000a\000r\000i\000t\000y\000\040\000S\000i\000g\000n\000a\000l\000s\000\051}{section.3}% 7
\BOOKMARK [2][-]{subsection.3.3}{\376\377\000S\000o\000u\000r\000c\000e\000\040\0003\000\040\040\024\000\040\000A\000c\000o\000u\000s\000t\000i\000c\000B\000r\000a\000i\000n\000z\000\040\000\050\000A\000u\000d\000i\000o\000\040\000F\000e\000a\000t\000u\000r\000e\000s\000\051\000\040\040\024\000\040\000O\000p\000t\000i\000o\000n\000a\000l\000\040\000E\000n\000r\000i\000c\000h\000m\000e\000n\000t}{section.3}% 8
\BOOKMARK [2][-]{subsection.3.4}{\376\377\000S\000o\000u\000r\000c\000e\000\040\0004\000\040\040\024\000\040\000K\000a\000g\000g\000l\000e\000\040\0005\000M\000\040\000S\000o\000n\000g\000\040\000L\000y\000r\000i\000c\000s\000\040\000D\000a\000t\000a\000s\000e\000t}{section.3}% 9
\BOOKMARK [2][-]{subsection.3.5}{\376\377\000F\000i\000n\000a\000l\000\040\000D\000a\000t\000a\000s\000e\000t\000\040\000S\000t\000a\000t\000i\000s\000t\000i\000c\000s}{section.3}% 10
\BOOKMARK [1][-]{section.4}{\376\377\000D\000a\000t\000a\000\040\000P\000r\000o\000c\000e\000s\000s\000i\000n\000g\000\040\000O\000v\000e\000r\000v\000i\000e\000w}{}% 11
\BOOKMARK [2][-]{subsection.4.1}{\376\377\000J\000o\000i\000n\000i\000n\000g\000\040\000a\000n\000d\000\040\000D\000e\000d\000u\000p\000l\000i\000c\000a\000t\000i\000o\000n}{section.4}% 12
\BOOKMARK [2][-]{subsection.4.2}{\376\377\000F\000e\000a\000t\000u\000r\000e\000\040\000E\000n\000g\000i\000n\000e\000e\000r\000i\000n\000g}{section.4}% 13
\BOOKMARK [2][-]{subsection.4.3}{\376\377\000O\000u\000t\000l\000i\000e\000r\000\040\000H\000a\000n\000d\000l\000i\000n\000g}{section.4}% 14
\BOOKMARK [2][-]{subsection.4.4}{\376\377\000C\000a\000t\000e\000g\000o\000r\000i\000c\000a\000l\000\040\000E\000n\000c\000o\000d\000i\000n\000g}{section.4}% 15
\BOOKMARK [2][-]{subsection.4.5}{\376\377\000N\000u\000l\000l\000\040\000H\000a\000n\000d\000l\000i\000n\000g}{section.4}% 16
\BOOKMARK [2][-]{subsection.4.6}{\376\377\000S\000Q\000L\000\040\000A\000n\000a\000l\000y\000t\000i\000c\000s\000\040\000w\000i\000t\000h\000\040\000D\000u\000c\000k\000D\000B}{section.4}% 17
\BOOKMARK [2][-]{subsection.4.7}{\376\377\000E\000n\000t\000i\000t\000y\000\040\000L\000i\000n\000k\000i\000n\000g}{section.4}% 18
\BOOKMARK [1][-]{section.5}{\376\377\000M\000o\000d\000e\000l\000s\000\040\000O\000v\000e\000r\000v\000i\000e\000w}{}% 19
\BOOKMARK [2][-]{subsection.5.1}{\376\377\000E\000x\000p\000e\000r\000i\000m\000e\000n\000t\000a\000l\000\040\000S\000e\000t\000u\000p}{section.5}% 20
\BOOKMARK [2][-]{subsection.5.2}{\376\377\000M\000o\000d\000e\000l\000s\000\040\000T\000r\000a\000i\000n\000e\000d}{section.5}% 21
\BOOKMARK [2][-]{subsection.5.3}{\376\377\000D\000i\000f\000f\000i\000c\000u\000l\000t\000y\000\040\000C\000o\000n\000c\000e\000p\000t\000s\000\040\000A\000p\000p\000l\000i\000e\000d}{section.5}% 22
\BOOKMARK [1][-]{section.6}{\376\377\000R\000e\000s\000u\000l\000t\000s\000\040\000O\000v\000e\000r\000v\000i\000e\000w}{}% 23
\BOOKMARK [2][-]{subsection.6.1}{\376\377\000R\000e\000g\000r\000e\000s\000s\000i\000o\000n\000\040\000M\000o\000d\000e\000l\000\040\000C\000o\000m\000p\000a\000r\000i\000s\000o\000n}{section.6}% 24
\BOOKMARK [2][-]{subsection.6.2}{\376\377\000T\000o\000p\000\040\000F\000e\000a\000t\000u\000r\000e\000\040\000I\000m\000p\000o\000r\000t\000a\000n\000c\000e\000s\000\040\000\050\000T\000u\000n\000e\000d\000\040\000G\000B\000M\000\051}{section.6}% 25
\BOOKMARK [2][-]{subsection.6.3}{\376\377\000E\000D\000A\000\040\000F\000i\000n\000d\000i\000n\000g\000s}{section.6}% 26
\BOOKMARK [2][-]{subsection.6.4}{\376\377\000L\000y\000r\000i\000c\000s\000\040\000A\000n\000a\000l\000y\000s\000i\000s\000\040\000F\000i\000n\000d\000i\000n\000g\000s}{section.6}% 27
\BOOKMARK [1][-]{section.7}{\376\377\000D\000a\000s\000h\000b\000o\000a\000r\000d\000\040\000O\000v\000e\000r\000v\000i\000e\000w}{}% 28
\BOOKMARK [2][-]{subsection.7.1}{\376\377\000C\000o\000u\000r\000s\000e\000\040\000T\000o\000p\000i\000c\000s\000\040\000D\000e\000m\000o\000n\000s\000t\000r\000a\000t\000e\000d\000\040\000i\000n\000\040\000t\000h\000e\000\040\000D\000a\000s\000h\000b\000o\000a\000r\000d}{section.7}% 29
\BOOKMARK [1][-]{section.8}{\376\377\000C\000o\000n\000c\000l\000u\000s\000i\000o\000n}{}% 30
